#
# There is insufficient memory for the Java Runtime Environment to continue.
# Native memory allocation (mmap) failed to map 264241152 bytes for G1 virtual space
# Possible reasons:
#   The system is out of physical RAM or swap space
#   The process is running with CompressedOops enabled, and the Java Heap may be blocking the growth of the native heap
# Possible solutions:
#   Reduce memory load on the system
#   Increase physical memory or swap space
#   Check if swap backing store is full
#   Decrease Java heap size (-Xmx/-Xms)
#   Decrease number of Java threads
#   Decrease Java thread stack sizes (-Xss)
#   Set larger code cache with -XX:ReservedCodeCacheSize=
#   JVM is running with Zero Based Compressed Oops mode in which the Java heap is
#     placed in the first 32GB address space. The Java Heap base address is the
#     maximum limit for the native heap growth. Please use -XX:HeapBaseMinAddress
#     to set the Java Heap base and to place the Java Heap above 32GB virtual address.
# This output file may be truncated or incomplete.
#
#  Out of Memory Error (os_windows.cpp:3825), pid=13596, tid=9712
#
# JRE version:  (17.0.10) (build )
# Java VM: OpenJDK 64-Bit Server VM (17.0.10+0--11609105, mixed mode, sharing, tiered, compressed oops, compressed class ptrs, g1 gc, windows-amd64)
# No core dump will be written. Minidumps are not enabled by default on client versions of Windows
#

---------------  S U M M A R Y ------------

Command Line: git4idea.http.GitAskPassApp Username for 'https://github.com': 

Host: Intel(R) Core(TM) i5-7600 CPU @ 3.50GHz, 4 cores, 15G,  Windows 11 , 64 bit Build 22621 (10.0.22621.4391)
Time: Sat Dec 14 20:24:35 2024 Iran Standard Time elapsed time: 0.030168 seconds (0d 0h 0m 0s)

---------------  T H R E A D  ---------------

Current thread (0x0000021bbb7ed550):  JavaThread "Unknown thread" [_thread_in_vm, id=9712, stack(0x000000a444100000,0x000000a444200000)]

Stack: [0x000000a444100000,0x000000a444200000]
Native frames: (J=compiled Java code, j=interpreted, Vv=VM code, C=native code)
V  [jvm.dll+0x688de9]
V  [jvm.dll+0x8423da]
V  [jvm.dll+0x84401e]
V  [jvm.dll+0x844683]
V  [jvm.dll+0x24be0f]
V  [jvm.dll+0x685bb9]
V  [jvm.dll+0x67a46a]
V  [jvm.dll+0x30cbab]
V  [jvm.dll+0x314056]
V  [jvm.dll+0x363dce]
V  [jvm.dll+0x363fff]
V  [jvm.dll+0x2e2978]
V  [jvm.dll+0x2e38e4]
V  [jvm.dll+0x812f71]
V  [jvm.dll+0x371c81]
V  [jvm.dll+0x7f1ac6]
V  [jvm.dll+0x3f58df]
V  [jvm.dll+0x3f7511]
C  [jli.dll+0x528f]
C  [ucrtbase.dll+0x29333]
C  [KERNEL32.DLL+0x1259d]
C  [ntdll.dll+0x5af38]


---------------  P R O C E S S  ---------------

Threads class SMR info:
_java_thread_list=0x00007fff49fdef58, length=0, elements={
}

Java Threads: ( => current thread )

Other Threads:
  0x0000021bbb859b30 GCTaskThread "GC Thread#0" [stack: 0x000000a444200000,0x000000a444300000] [id=10804]
  0x0000021bbb86a5c0 ConcurrentGCThread "G1 Main Marker" [stack: 0x000000a444300000,0x000000a444400000] [id=11768]
  0x0000021bbb86afe0 ConcurrentGCThread "G1 Conc#0" [stack: 0x000000a444400000,0x000000a444500000] [id=16480]

[error occurred during error reporting (printing all threads), id 0xc0000005, EXCEPTION_ACCESS_VIOLATION (0xc0000005) at pc=0x00007fff49793547]

VM state: not at safepoint (not fully initialized)

VM Mutex/Monitor currently owned by a thread:  ([mutex/lock_event])
[0x0000021bbb7e6e70] Heap_lock - owner thread: 0x0000021bbb7ed550

Heap address: 0x0000000704c00000, size: 4020 MB, Compressed Oops mode: Zero based, Oop shift amount: 3

CDS archive(s) mapped at: [0x0000000000000000-0x0000000000000000-0x0000000000000000), size 0, SharedBaseAddress: 0x0000000800000000, ArchiveRelocationMode: 1.
Narrow klass base: 0x0000000000000000, Narrow klass shift: 0, Narrow klass range: 0x0

GC Precious Log:
<Empty>

Heap:
 garbage-first heap   total 0K, used 0K [0x0000000704c00000, 0x0000000800000000)
  region size 2048K, 0 young (0K), 0 survivors (0K)
 Metaspace       used 0K, committed 0K, reserved 0K
  class space    used 0K, committed 0K, reserved 0K

Heap Regions: E=young(eden), S=young(survivor), O=old, HS=humongous(starts), HC=humongous(continues), CS=collection set, F=free, OA=open archive, CA=closed archive, TAMS=top-at-mark-start (previous, next)

Card table byte_map: [0x0000021bce4a0000,0x0000021bcec80000] _byte_map_base: 0x0000021bcac7a000

Marking Bits (Prev, Next): (CMBitMap*) 0x0000021bbb85a150, (CMBitMap*) 0x0000021bbb85a190
 Prev Bits: [0x0000021bcf460000, 0x0000021bd3330000)
 Next Bits: [0x0000021bd3330000, 0x0000021bd7200000)

GC Heap History (0 events):
No events

Dll operation events (1 events):
Event: 0.020 Loaded shared library C:\Program Files\Android\Android Studio\jbr\bin\java.dll

Deoptimization events (0 events):
No events

Classes unloaded (0 events):
No events

Classes redefined (0 events):
No events

Internal exceptions (0 events):
No events

VM Operations (0 events):
No events

Events (0 events):
No events


Dynamic libraries:
0x00007ff6d26f0000 - 0x00007ff6d26fa000 	C:\Program Files\Android\Android Studio\jbr\bin\java.exe
0x00007fffa1350000 - 0x00007fffa1567000 	C:\Windows\SYSTEM32\ntdll.dll
0x00007fffa0660000 - 0x00007fffa0724000 	C:\Windows\System32\KERNEL32.DLL
0x00007fff9ec90000 - 0x00007fff9f04a000 	C:\Windows\System32\KERNELBASE.dll
0x00007fff9e650000 - 0x00007fff9e761000 	C:\Windows\System32\ucrtbase.dll
0x00007fff6a780000 - 0x00007fff6a79b000 	C:\Program Files\Android\Android Studio\jbr\bin\VCRUNTIME140.dll
0x00007fff94090000 - 0x00007fff940a7000 	C:\Program Files\Android\Android Studio\jbr\bin\jli.dll
0x00007fffa0340000 - 0x00007fffa04ee000 	C:\Windows\System32\USER32.dll
0x00007fff8b630000 - 0x00007fff8b8c2000 	C:\Windows\WinSxS\amd64_microsoft.windows.common-controls_6595b64144ccf1df_6.0.22621.4541_none_2710d1c57384c085\COMCTL32.dll
0x00007fff9e620000 - 0x00007fff9e646000 	C:\Windows\System32\win32u.dll
0x00007fff9fce0000 - 0x00007fff9fd09000 	C:\Windows\System32\GDI32.dll
0x00007fff9e7f0000 - 0x00007fff9e90b000 	C:\Windows\System32\gdi32full.dll
0x00007fff9fde0000 - 0x00007fff9fe87000 	C:\Windows\System32\msvcrt.dll
0x00007fff9e990000 - 0x00007fff9ea2a000 	C:\Windows\System32\msvcp_win.dll
0x00007fffa0c00000 - 0x00007fffa0c31000 	C:\Windows\System32\IMM32.DLL
0x00007fff7a260000 - 0x00007fff7a26c000 	C:\Program Files\Android\Android Studio\jbr\bin\vcruntime140_1.dll
0x00007fff636f0000 - 0x00007fff6377d000 	C:\Program Files\Android\Android Studio\jbr\bin\msvcp140.dll
0x00007fff494a0000 - 0x00007fff4a123000 	C:\Program Files\Android\Android Studio\jbr\bin\server\jvm.dll
0x00007fffa10c0000 - 0x00007fffa1172000 	C:\Windows\System32\ADVAPI32.dll
0x00007fffa1260000 - 0x00007fffa1307000 	C:\Windows\System32\sechost.dll
0x00007fff9ea30000 - 0x00007fff9ea58000 	C:\Windows\System32\bcrypt.dll
0x00007fff9fb30000 - 0x00007fff9fc44000 	C:\Windows\System32\RPCRT4.dll
0x00007fff9e4f0000 - 0x00007fff9e53d000 	C:\Windows\SYSTEM32\POWRPROF.dll
0x00007fff975a0000 - 0x00007fff975d4000 	C:\Windows\SYSTEM32\WINMM.dll
0x00007fff975e0000 - 0x00007fff975ea000 	C:\Windows\SYSTEM32\VERSION.dll
0x00007fff86610000 - 0x00007fff86619000 	C:\Windows\SYSTEM32\WSOCK32.dll
0x00007fffa02b0000 - 0x00007fffa0321000 	C:\Windows\System32\WS2_32.dll
0x00007fff9e4d0000 - 0x00007fff9e4e3000 	C:\Windows\SYSTEM32\UMPDC.dll
0x00007fff9d660000 - 0x00007fff9d678000 	C:\Windows\SYSTEM32\kernel.appcore.dll
0x00007fff9a3e0000 - 0x00007fff9a3ea000 	C:\Program Files\Android\Android Studio\jbr\bin\jimage.dll
0x00007fff7bca0000 - 0x00007fff7bed2000 	C:\Windows\SYSTEM32\DBGHELP.DLL
0x00007fffa0870000 - 0x00007fffa0bff000 	C:\Windows\System32\combase.dll
0x00007fffa0730000 - 0x00007fffa0807000 	C:\Windows\System32\OLEAUT32.dll
0x00007fff7bc60000 - 0x00007fff7bc92000 	C:\Windows\SYSTEM32\dbgcore.DLL
0x00007fff9e910000 - 0x00007fff9e98b000 	C:\Windows\System32\bcryptPrimitives.dll
0x00007fff94060000 - 0x00007fff94085000 	C:\Program Files\Android\Android Studio\jbr\bin\java.dll

dbghelp: loaded successfully - version: 4.0.5 - missing functions: none
symbol engine: initialized successfully - sym options: 0x614 - pdb path: .;C:\Program Files\Android\Android Studio\jbr\bin;C:\Windows\SYSTEM32;C:\Windows\WinSxS\amd64_microsoft.windows.common-controls_6595b64144ccf1df_6.0.22621.4541_none_2710d1c57384c085;C:\Program Files\Android\Android Studio\jbr\bin\server

VM Arguments:
java_command: git4idea.http.GitAskPassApp Username for 'https://github.com': 
java_class_path (initial): C:/Program Files/Android/Android Studio/plugins/vcs-git/lib/git4idea-rt.jar;C:/Program Files/Android/Android Studio/lib/externalProcess-rt.jar
Launcher Type: SUN_STANDARD

[Global flags]
     intx CICompilerCount                          = 3                                         {product} {ergonomic}
     uint ConcGCThreads                            = 1                                         {product} {ergonomic}
     uint G1ConcRefinementThreads                  = 4                                         {product} {ergonomic}
   size_t G1HeapRegionSize                         = 2097152                                   {product} {ergonomic}
    uintx GCDrainStackTargetSize                   = 64                                        {product} {ergonomic}
   size_t InitialHeapSize                          = 264241152                                 {product} {ergonomic}
   size_t MarkStackSize                            = 4194304                                   {product} {ergonomic}
   size_t MaxHeapSize                              = 4215275520                                {product} {ergonomic}
   size_t MinHeapDeltaBytes                        = 2097152                                   {product} {ergonomic}
   size_t MinHeapSize                              = 8388608                                   {product} {ergonomic}
    uintx NonNMethodCodeHeapSize                   = 5832780                                {pd product} {ergonomic}
    uintx NonProfiledCodeHeapSize                  = 122912730                              {pd product} {ergonomic}
    uintx ProfiledCodeHeapSize                     = 122912730                              {pd product} {ergonomic}
    uintx ReservedCodeCacheSize                    = 251658240                              {pd product} {ergonomic}
     bool SegmentedCodeCache                       = true                                      {product} {ergonomic}
   size_t SoftMaxHeapSize                          = 4215275520                             {manageable} {ergonomic}
     bool UseCompressedClassPointers               = true                           {product lp64_product} {ergonomic}
     bool UseCompressedOops                        = true                           {product lp64_product} {ergonomic}
     bool UseG1GC                                  = true                                      {product} {ergonomic}
     bool UseLargePagesIndividualAllocation        = false                                  {pd product} {ergonomic}

Logging:
Log output configuration:
 #0: stdout all=warning uptime,level,tags
 #1: stderr all=off uptime,level,tags

Environment Variables:
JAVA_HOME=C:\Program Files\Java\jdk-21
PATH=C:\Program Files\Git\mingw64\libexec\git-core;C:\Program Files\Git\mingw64\libexec\git-core;C:\Program Files\Git\mingw64\bin;C:\Program Files\Git\usr\bin;C:\Users\Tafavot\bin;C:\Program Files\Common Files\Oracle\Java\javapath;C:\Program Files (x86)\Common Files\Oracle\Java\java8path;C:\Program Files (x86)\Common Files\Oracle\Java\javapath;C:\Windows\system32;C:\Windows;C:\Windows\System32\Wbem;C:\Windows\System32\WindowsPowerShell\v1.0;C:\Windows\System32\OpenSSH;C:\Program Files\nodejs;C:\Program Files\Microsoft VS Code\bin;C:\Program Files\Git\cmd;C:\Program Files\Java\jdk-21\bin;C:\Users\Tafavot\AppData\Local\Microsoft\WindowsApps;C:\Users\Tafavot\AppData\Roaming\npm;C:\Users\Tafavot\AppData\Local\GitHubDesktop\bin;C:\Users\Tafavot\AppData\Roaming\npm;C:\Program Files\JetBrains\IntelliJ IDEA 2024.2.2\bin
USERNAME=Tafavot
DISPLAY=:0.0
LC_ALL=en_US.UTF-8
TERM=xterm-256color
TMPDIR=C:\Users\Tafavot\AppData\Local\Temp
OS=Windows_NT
PROCESSOR_IDENTIFIER=Intel64 Family 6 Model 158 Stepping 9, GenuineIntel
TMP=C:\Users\Tafavot\AppData\Local\Temp
TEMP=C:\Users\Tafavot\AppData\Local\Temp



Periodic native trim disabled

JNI global refs:
JNI global refs: 0, weak refs: 0

JNI global refs memory usage: 0, weak refs: 0

OOME stack traces (most recent first):
Classloader memory used:


---------------  S Y S T E M  ---------------

OS:
 Windows 11 , 64 bit Build 22621 (10.0.22621.4391)
OS uptime: 2 days 7:55 hours

CPU: total 4 (initial active 4) (4 cores per cpu, 1 threads per core) family 6 model 158 stepping 9 microcode 0xf6, cx8, cmov, fxsr, mmx, 3dnowpref, sse, sse2, sse3, ssse3, sse4.1, sse4.2, popcnt, lzcnt, tsc, tscinvbit, avx, avx2, aes, erms, clmul, bmi1, bmi2, rtm, adx, fma, vzeroupper, clflush, clflushopt
Processor Information for all 4 processors :
  Max Mhz: 3504, Current Mhz: 3504, Mhz Limit: 3504

Memory: 4k page, system-wide physical 16075M (1003M free)
TotalPageFile size 29707M (AvailPageFile size 128M)
current process WorkingSet (physical memory assigned to process): 11M, peak: 11M
current process commit charge ("private bytes"): 52M, peak: 304M

vm_info: OpenJDK 64-Bit Server VM (17.0.10+0--11609105) for windows-amd64 JRE (17.0.10+0--11609105), built on Mar 21 2024 19:10:56 by "androidbuild" with MS VC++ 16.10 / 16.11 (VS2019)

END.
